"=== when macro ==="
"true branch"
nil
"=== unless macro ==="
"condition was false"
nil
"=== cond macro ==="
"cond with 1 clause:"
"only one"
"cond with 2 clauses:"
"second"
"cond with 3 clauses:"
"one equals one"
"cond with 5 clauses:"
"one is one"
"cond with 7 clauses:"
"matched at 7th clause"
"=== and macro ==="
true
false
nil
true
"=== or macro ==="
true
true
false
true
"=== let macro ==="
15
40
"=== swap macro ==="
(2 1)
"=== inc macro ==="
6
12
"=== dec macro ==="
4
8
"=== assert macro ==="
("PASS:" . "1 equals 1")
("PASS:" . "1 is less than 2")
"=== not-nil? macro ==="
true
false
